<?xml version="1.0" encoding="UTF-8"?>
<!-- Generated by org.testng.reporters.JUnitXMLReporter -->
<testsuite ignored="0" hostname="DESKTOP-IG5V1RQ" failures="0" tests="12" name="Default test" time="19.634" errors="0" timestamp="2024-10-29T13:01:06 EET">
  <testcase classname="testingAlomsafer.MyTestCases" name="checkWebLungae" time="0.065"/>
  <testcase classname="testingAlomsafer.MyTestCases" name="checkCurrency" time="0.068"/>
  <testcase classname="testingAlomsafer.MyTestCases" name="checkPhoneNumber" time="0.043"/>
  <testcase classname="testingAlomsafer.MyTestCases" name="checkQitafLogo" time="0.058"/>
  <testcase classname="testingAlomsafer.MyTestCases" name="checkIfSearchHotelIsSelected" time="0.276"/>
  <testcase classname="testingAlomsafer.MyTestCases" name="checkFlightDeparture" time="1.608"/>
  <testcase classname="testingAlomsafer.MyTestCases" name="checkFlightReturn" time="0.417"/>
  <testcase classname="testingAlomsafer.MyTestCases" name="chuangenLaungeRandomly" time="2.679"/>
  <testcase classname="testingAlomsafer.MyTestCases" name="chuangenLaungeRandomly" time="2.096"/>
  <testcase classname="testingAlomsafer.MyTestCases" name="chuangenLaungeRandomly" time="2.162"/>
  <testcase classname="testingAlomsafer.MyTestCases" name="chuangenLaungeRandomly" time="2.065"/>
  <testcase classname="testingAlomsafer.MyTestCases" name="chuangenLaungeRandomly" time="1.973"/>
</testsuite> <!-- Default test -->
