<?xml version="1.0" encoding="UTF-8"?>
<!-- Generated by org.testng.reporters.JUnitXMLReporter -->
<testsuite ignored="0" hostname="DESKTOP-IG5V1RQ" failures="0" tests="4" name="Default test" time="4.9" errors="0" timestamp="2024-10-27T17:31:03 EET">
  <testcase classname="testingAlomsafer.MyTestCases" name="CheckWebLungae" time="0.074"/>
  <testcase classname="testingAlomsafer.MyTestCases" name="CheckCurrency" time="0.086"/>
  <testcase classname="testingAlomsafer.MyTestCases" name="CheckPhoneNumber" time="0.034"/>
  <testcase classname="testingAlomsafer.MyTestCases" name="CheckQitafLogo" time="0.055"/>
</testsuite> <!-- Default test -->
