<?xml version="1.0" encoding="UTF-8"?>
<testng-results ignored="0" total="12" passed="12" failed="0" skipped="0">
  <reporter-output>
  </reporter-output>
  <suite started-at="2024-10-29T13:00:47 EET" name="Default suite" finished-at="2024-10-29T13:01:06 EET" duration-ms="19634">
    <groups>
    </groups>
    <test started-at="2024-10-29T13:00:47 EET" name="Default test" finished-at="2024-10-29T13:01:06 EET" duration-ms="19634">
      <class name="testingAlomsafer.MyTestCases">
        <test-method is-config="true" signature="setUp()[pri:0, instance:testingAlomsafer.MyTestCases@7859e786]" started-at="2024-10-29T13:00:47 EET" name="setUp" finished-at="2024-10-29T13:00:53 EET" duration-ms="6019" status="PASS">
          <reporter-output>
          </reporter-output>
        </test-method> <!-- setUp -->
        <test-method signature="checkWebLungae()[pri:1, instance:testingAlomsafer.MyTestCases@7859e786]" started-at="2024-10-29T13:00:53 EET" name="checkWebLungae" finished-at="2024-10-29T13:00:53 EET" duration-ms="65" status="PASS">
          <reporter-output>
          </reporter-output>
        </test-method> <!-- checkWebLungae -->
        <test-method signature="checkCurrency()[pri:2, instance:testingAlomsafer.MyTestCases@7859e786]" started-at="2024-10-29T13:00:53 EET" name="checkCurrency" finished-at="2024-10-29T13:00:53 EET" duration-ms="68" status="PASS">
          <reporter-output>
          </reporter-output>
        </test-method> <!-- checkCurrency -->
        <test-method signature="checkPhoneNumber()[pri:3, instance:testingAlomsafer.MyTestCases@7859e786]" started-at="2024-10-29T13:00:53 EET" name="checkPhoneNumber" finished-at="2024-10-29T13:00:53 EET" duration-ms="43" status="PASS">
          <reporter-output>
          </reporter-output>
        </test-method> <!-- checkPhoneNumber -->
        <test-method signature="checkQitafLogo()[pri:4, instance:testingAlomsafer.MyTestCases@7859e786]" started-at="2024-10-29T13:00:53 EET" name="checkQitafLogo" finished-at="2024-10-29T13:00:53 EET" duration-ms="58" status="PASS">
          <reporter-output>
          </reporter-output>
        </test-method> <!-- checkQitafLogo -->
        <test-method signature="checkIfSearchHotelIsSelected()[pri:5, instance:testingAlomsafer.MyTestCases@7859e786]" started-at="2024-10-29T13:00:53 EET" name="checkIfSearchHotelIsSelected" finished-at="2024-10-29T13:00:53 EET" duration-ms="276" status="PASS">
          <reporter-output>
          </reporter-output>
        </test-method> <!-- checkIfSearchHotelIsSelected -->
        <test-method signature="checkFlightDeparture()[pri:6, instance:testingAlomsafer.MyTestCases@7859e786]" started-at="2024-10-29T13:00:53 EET" name="checkFlightDeparture" finished-at="2024-10-29T13:00:55 EET" duration-ms="1608" status="PASS">
          <reporter-output>
          </reporter-output>
        </test-method> <!-- checkFlightDeparture -->
        <test-method signature="checkFlightReturn()[pri:7, instance:testingAlomsafer.MyTestCases@7859e786]" started-at="2024-10-29T13:00:55 EET" name="checkFlightReturn" finished-at="2024-10-29T13:00:55 EET" duration-ms="417" status="PASS">
          <reporter-output>
          </reporter-output>
        </test-method> <!-- checkFlightReturn -->
        <test-method signature="chuangenLaungeRandomly()[pri:8, instance:testingAlomsafer.MyTestCases@7859e786]" started-at="2024-10-29T13:00:55 EET" name="chuangenLaungeRandomly" finished-at="2024-10-29T13:00:58 EET" duration-ms="2679" status="PASS">
          <reporter-output>
          </reporter-output>
        </test-method> <!-- chuangenLaungeRandomly -->
        <test-method signature="chuangenLaungeRandomly()[pri:8, instance:testingAlomsafer.MyTestCases@7859e786]" started-at="2024-10-29T13:00:58 EET" name="chuangenLaungeRandomly" finished-at="2024-10-29T13:01:00 EET" duration-ms="2096" status="PASS">
          <reporter-output>
          </reporter-output>
        </test-method> <!-- chuangenLaungeRandomly -->
        <test-method signature="chuangenLaungeRandomly()[pri:8, instance:testingAlomsafer.MyTestCases@7859e786]" started-at="2024-10-29T13:01:00 EET" name="chuangenLaungeRandomly" finished-at="2024-10-29T13:01:02 EET" duration-ms="2162" status="PASS">
          <reporter-output>
          </reporter-output>
        </test-method> <!-- chuangenLaungeRandomly -->
        <test-method signature="chuangenLaungeRandomly()[pri:8, instance:testingAlomsafer.MyTestCases@7859e786]" started-at="2024-10-29T13:01:02 EET" name="chuangenLaungeRandomly" finished-at="2024-10-29T13:01:04 EET" duration-ms="2065" status="PASS">
          <reporter-output>
          </reporter-output>
        </test-method> <!-- chuangenLaungeRandomly -->
        <test-method signature="chuangenLaungeRandomly()[pri:8, instance:testingAlomsafer.MyTestCases@7859e786]" started-at="2024-10-29T13:01:04 EET" name="chuangenLaungeRandomly" finished-at="2024-10-29T13:01:06 EET" duration-ms="1973" status="PASS">
          <reporter-output>
          </reporter-output>
        </test-method> <!-- chuangenLaungeRandomly -->
      </class> <!-- testingAlomsafer.MyTestCases -->
    </test> <!-- Default test -->
  </suite> <!-- Default suite -->
</testng-results>
